<?xml version="1.0" encoding="UTF-8"?>
<testng-results skipped="0" failed="1" ignored="0" total="2" passed="1">
  <reporter-output>
  </reporter-output>
  <suite name="Default suite" duration-ms="71278" started-at="2019-02-13T11:34:26Z" finished-at="2019-02-13T11:35:37Z">
    <groups>
    </groups>
    <test name="Default test" duration-ms="71278" started-at="2019-02-13T11:34:26Z" finished-at="2019-02-13T11:35:37Z">
      <class name="com.training.functional.tests.TC_78RegisteredTeacherdetailstoredInDatabaseTest">
        <test-method status="PASS" signature="setUpBeforeClass()[pri:0, instance:com.training.functional.tests.TC_78RegisteredTeacherdetailstoredInDatabaseTest@47c62251]" name="setUpBeforeClass" is-config="true" duration-ms="38" started-at="2019-02-13T11:34:26Z" finished-at="2019-02-13T11:34:26Z">
          <reporter-output>
          </reporter-output>
        </test-method> <!-- setUpBeforeClass -->
        <test-method status="PASS" signature="BrowserLaunchTest()[pri:0, instance:com.training.functional.tests.TC_78RegisteredTeacherdetailstoredInDatabaseTest@47c62251]" name="BrowserLaunchTest" duration-ms="59889" started-at="2019-02-13T11:34:26Z" finished-at="2019-02-13T11:35:26Z">
          <reporter-output>
          </reporter-output>
        </test-method> <!-- BrowserLaunchTest -->
        <test-method status="FAIL" signature="RegisterLinkTest(java.lang.String, java.lang.String, java.lang.String, java.lang.String, java.lang.String, java.lang.String, java.lang.String, java.lang.String)[pri:1, instance:com.training.functional.tests.TC_78RegisteredTeacherdetailstoredInDatabaseTest@47c62251]" name="RegisterLinkTest" duration-ms="9299" started-at="2019-02-13T11:35:27Z" data-provider="db-inputs" finished-at="2019-02-13T11:35:36Z">
          <params>
            <param index="0">
              <value>
                <![CDATA[satya]]>
              </value>
            </param>
            <param index="1">
              <value>
                <![CDATA[kumari]]>
              </value>
            </param>
            <param index="2">
              <value>
                <![CDATA[satyaashu@gmail.com]]>
              </value>
            </param>
            <param index="3">
              <value>
                <![CDATA[satyaU]]>
              </value>
            </param>
            <param index="4">
              <value>
                <![CDATA[123456]]>
              </value>
            </param>
            <param index="5">
              <value>
                <![CDATA[123456]]>
              </value>
            </param>
            <param index="6">
              <value>
                <![CDATA[7722032874]]>
              </value>
            </param>
            <param index="7">
              <value>
                <![CDATA[English]]>
              </value>
            </param>
          </params>
          <exception class="java.lang.AssertionError">
            <message>
              <![CDATA[expected [satya] but found [xyz]]]>
            </message>
            <full-stacktrace>
              <![CDATA[java.lang.AssertionError: expected [satya] but found [xyz]
at org.testng.Assert.fail(Assert.java:96)
at org.testng.Assert.failNotEquals(Assert.java:776)
at org.testng.Assert.assertEqualsImpl(Assert.java:137)
at org.testng.Assert.assertEquals(Assert.java:118)
at org.testng.Assert.assertEquals(Assert.java:453)
at org.testng.Assert.assertEquals(Assert.java:463)
at com.training.functional.tests.TC_78RegisteredTeacherdetailstoredInDatabaseTest.RegisterLinkTest(TC_78RegisteredTeacherdetailstoredInDatabaseTest.java:93)
at sun.reflect.NativeMethodAccessorImpl.invoke0(Native Method)
at sun.reflect.NativeMethodAccessorImpl.invoke(NativeMethodAccessorImpl.java:62)
at sun.reflect.DelegatingMethodAccessorImpl.invoke(DelegatingMethodAccessorImpl.java:43)
at java.lang.reflect.Method.invoke(Method.java:498)
at org.testng.internal.MethodInvocationHelper.invokeMethod(MethodInvocationHelper.java:124)
at org.testng.internal.Invoker.invokeMethod(Invoker.java:583)
at org.testng.internal.Invoker.invokeTestMethod(Invoker.java:719)
at org.testng.internal.Invoker.invokeTestMethods(Invoker.java:989)
at org.testng.internal.TestMethodWorker.invokeTestMethods(TestMethodWorker.java:125)
at org.testng.internal.TestMethodWorker.run(TestMethodWorker.java:109)
at org.testng.TestRunner.privateRun(TestRunner.java:648)
at org.testng.TestRunner.run(TestRunner.java:505)
at org.testng.SuiteRunner.runTest(SuiteRunner.java:455)
at org.testng.SuiteRunner.runSequentially(SuiteRunner.java:450)
at org.testng.SuiteRunner.privateRun(SuiteRunner.java:415)
at org.testng.SuiteRunner.run(SuiteRunner.java:364)
at org.testng.SuiteRunnerWorker.runSuite(SuiteRunnerWorker.java:52)
at org.testng.SuiteRunnerWorker.run(SuiteRunnerWorker.java:84)
at org.testng.TestNG.runSuitesSequentially(TestNG.java:1208)
at org.testng.TestNG.runSuitesLocally(TestNG.java:1137)
at org.testng.TestNG.runSuites(TestNG.java:1049)
at org.testng.TestNG.run(TestNG.java:1017)
at org.testng.remote.AbstractRemoteTestNG.run(AbstractRemoteTestNG.java:114)
at org.testng.remote.RemoteTestNG.initAndRun(RemoteTestNG.java:251)
at org.testng.remote.RemoteTestNG.main(RemoteTestNG.java:77)
]]>
            </full-stacktrace>
          </exception> <!-- java.lang.AssertionError -->
          <reporter-output>
          </reporter-output>
        </test-method> <!-- RegisterLinkTest -->
        <test-method status="PASS" signature="tearDown()[pri:0, instance:com.training.functional.tests.TC_78RegisteredTeacherdetailstoredInDatabaseTest@47c62251]" name="tearDown" is-config="true" duration-ms="1014" started-at="2019-02-13T11:35:36Z" finished-at="2019-02-13T11:35:37Z">
          <reporter-output>
          </reporter-output>
        </test-method> <!-- tearDown -->
      </class> <!-- com.training.functional.tests.TC_78RegisteredTeacherdetailstoredInDatabaseTest -->
    </test> <!-- Default test -->
  </suite> <!-- Default suite -->
</testng-results>
